<?xml version="1.0" encoding="utf-8"?><testsuites name="pytest tests"><testsuite name="pytest" errors="0" failures="0" skipped="0" tests="19" time="18.909" timestamp="2026-02-24T05:51:43.889079+09:00" hostname="PC-2025-T2"><testcase classname="tests.integration.test_api" name="test_settings_roundtrip" time="0.019" /><testcase classname="tests.integration.test_api" name="test_models_local_with_custom_dir" time="0.006" /><testcase classname="tests.integration.test_api" name="test_delete_local_model_endpoint" time="0.009" /><testcase classname="tests.integration.test_api" name="test_delete_local_model_rejects_non_model_directory" time="0.005" /><testcase classname="tests.integration.test_api" name="test_outputs_list_and_delete" time="0.055" /><testcase classname="tests.integration.test_api" name="test_outputs_delete_rejects_invalid_name" time="0.003" /><testcase classname="tests.integration.test_api" name="test_download_task_lifecycle" time="0.529" /><testcase classname="tests.integration.test_api" name="test_download_task_lifecycle_civitai" time="0.126" /><testcase classname="tests.integration.test_api" name="test_model_catalog_endpoint" time="0.010" /><testcase classname="tests.integration.test_api" name="test_models_search_merges_hf_and_civitai" time="0.003" /><testcase classname="tests.integration.test_api" name="test_models_search_source_filter" time="0.005" /><testcase classname="tests.integration.test_api" name="test_models_search_civitai_live_parser_path" time="0.003" /><testcase classname="tests.integration.test_api" name="test_model_catalog_filters_incompatible_local_models" time="0.047" /><testcase classname="tests.integration.test_api" name="test_local_models_include_preview_and_meta" time="0.021" /><testcase classname="tests.integration.test_api" name="test_text2image_task_lifecycle_and_image_endpoint" time="13.340" /><testcase classname="tests.integration.test_api" name="test_image2image_task_lifecycle" time="0.127" /><testcase classname="tests.integration.test_api" name="test_lora_catalog_filters_by_base_model" time="0.022" /><testcase classname="tests.integration.test_api" name="test_recent_logs_endpoint" time="0.009" /><testcase classname="tests.integration.test_api" name="test_clear_hf_cache_endpoint" time="0.006" /></testsuite></testsuites>