<?xml version="1.0" encoding="utf-8"?><testsuites name="pytest tests"><testsuite name="pytest" errors="0" failures="0" skipped="0" tests="5" time="4.579" timestamp="2026-02-24T05:51:43.889079+09:00" hostname="PC-2025-T2"><testcase classname="tests.unit.test_helpers" name="test_sanitize_desanitize_roundtrip" time="0.001" /><testcase classname="tests.unit.test_helpers" name="test_deep_merge_nested" time="0.000" /><testcase classname="tests.unit.test_helpers" name="test_parse_civitai_model_id" time="0.000" /><testcase classname="tests.unit.test_helpers" name="test_find_local_preview_relpath" time="0.005" /><testcase classname="tests.unit.test_helpers" name="test_is_local_lora_dir_ignores_base_pipeline_with_lora_named_file" time="0.010" /></testsuite></testsuites>